<?xml version="1.0" encoding="UTF-8"?>
<testng-results ignored="0" total="1" passed="1" failed="0" skipped="0">
  <reporter-output>
  </reporter-output>
  <suite started-at="2023-06-30T10:46:01 IST" name="Default suite" finished-at="2023-06-30T10:46:10 IST" duration-ms="8761">
    <groups>
    </groups>
    <test started-at="2023-06-30T10:46:01 IST" name="Default test" finished-at="2023-06-30T10:46:10 IST" duration-ms="8761">
      <class name="seleniumTest.test2">
        <test-method is-config="true" signature="setUp()[pri:0, instance:seleniumTest.test2@35e2d654]" started-at="2023-06-30T10:46:01 IST" name="setUp" finished-at="2023-06-30T10:46:10 IST" duration-ms="8313" status="PASS">
          <reporter-output>
          </reporter-output>
        </test-method> <!-- setUp -->
        <test-method signature="verifyLogo()[pri:0, instance:seleniumTest.test2@35e2d654]" started-at="2023-06-30T10:46:10 IST" name="verifyLogo" finished-at="2023-06-30T10:46:10 IST" duration-ms="225" status="PASS">
          <reporter-output>
          </reporter-output>
        </test-method> <!-- verifyLogo -->
        <test-method is-config="true" signature="tearDown()[pri:0, instance:seleniumTest.test2@35e2d654]" started-at="2023-06-30T10:46:10 IST" name="tearDown" finished-at="2023-06-30T10:46:10 IST" duration-ms="186" status="PASS">
          <reporter-output>
          </reporter-output>
        </test-method> <!-- tearDown -->
      </class> <!-- seleniumTest.test2 -->
    </test> <!-- Default test -->
  </suite> <!-- Default suite -->
</testng-results>
